<?xml version="1.0" encoding="UTF-8"?>
<testsuite xmlns:xsi="http://www.w3.org/2001/XMLSchema-instance" xsi:noNamespaceSchemaLocation="https://maven.apache.org/surefire/maven-surefire-plugin/xsd/surefire-test-report.xsd" version="3.0.2" name="lipid.AdductDetectionTest" time="0.131" tests="3" errors="0" skipped="0" failures="0">
  <properties>
    <property name="java.specification.version" value="23"/>
    <property name="sun.cpu.isalist" value="amd64"/>
    <property name="sun.jnu.encoding" value="Cp1252"/>
    <property name="java.class.path" value="C:\Users\123ab\OneDrive\Escritorio\Practica_Enum\template\target\test-classes;C:\Users\123ab\OneDrive\Escritorio\Practica_Enum\template\target\classes;C:\Users\123ab\.m2\repository\org\drools\drools-ruleunits-engine\10.0.0\drools-ruleunits-engine-10.0.0.jar;C:\Users\123ab\.m2\repository\org\drools\drools-ruleunits-dsl\10.0.0\drools-ruleunits-dsl-10.0.0.jar;C:\Users\123ab\.m2\repository\org\drools\drools-canonical-model\10.0.0\drools-canonical-model-10.0.0.jar;C:\Users\123ab\.m2\repository\org\drools\drools-model-compiler\10.0.0\drools-model-compiler-10.0.0.jar;C:\Users\123ab\.m2\repository\org\kie\kie-util-maven-support\10.0.0\kie-util-maven-support-10.0.0.jar;C:\Users\123ab\.m2\repository\org\drools\drools-core\10.0.0\drools-core-10.0.0.jar;C:\Users\123ab\.m2\repository\org\kie\kie-util-xml\10.0.0\kie-util-xml-10.0.0.jar;C:\Users\123ab\.m2\repository\org\drools\drools-base\10.0.0\drools-base-10.0.0.jar;C:\Users\123ab\.m2\repository\org\drools\drools-wiring-static\10.0.0\drools-wiring-static-10.0.0.jar;C:\Users\123ab\.m2\repository\org\drools\drools-io\10.0.0\drools-io-10.0.0.jar;C:\Users\123ab\.m2\repository\commons-codec\commons-codec\1.16.1\commons-codec-1.16.1.jar;C:\Users\123ab\.m2\repository\org\drools\drools-compiler\10.0.0\drools-compiler-10.0.0.jar;C:\Users\123ab\.m2\repository\org\drools\drools-drl-parser\10.0.0\drools-drl-parser-10.0.0.jar;C:\Users\123ab\.m2\repository\org\drools\drools-drl-extensions\10.0.0\drools-drl-extensions-10.0.0.jar;C:\Users\123ab\.m2\repository\org\drools\drools-drl-ast\10.0.0\drools-drl-ast-10.0.0.jar;C:\Users\123ab\.m2\repository\org\drools\drools-kiesession\10.0.0\drools-kiesession-10.0.0.jar;C:\Users\123ab\.m2\repository\org\drools\drools-ecj\10.0.0\drools-ecj-10.0.0.jar;C:\Users\123ab\.m2\repository\org\eclipse\jdt\ecj\3.33.0\ecj-3.33.0.jar;C:\Users\123ab\.m2\repository\org\antlr\antlr-runtime\3.5.2\antlr-runtime-3.5.2.jar;C:\Users\123ab\.m2\repository\org\drools\drools-ruleunits-impl\10.0.0\drools-ruleunits-impl-10.0.0.jar;C:\Users\123ab\.m2\repository\org\drools\drools-ruleunits-api\10.0.0\drools-ruleunits-api-10.0.0.jar;C:\Users\123ab\.m2\repository\org\drools\drools-model-codegen\10.0.0\drools-model-codegen-10.0.0.jar;C:\Users\123ab\.m2\repository\org\drools\drools-codegen-common\10.0.0\drools-codegen-common-10.0.0.jar;C:\Users\123ab\.m2\repository\org\drools\drools-model-prototype\10.0.0\drools-model-prototype-10.0.0.jar;C:\Users\123ab\.m2\repository\com\github\javaparser\javaparser-core\3.25.8\javaparser-core-3.25.8.jar;C:\Users\123ab\.m2\repository\org\drools\drools-mvel-parser\10.0.0\drools-mvel-parser-10.0.0.jar;C:\Users\123ab\.m2\repository\org\drools\drools-mvel-compiler\10.0.0\drools-mvel-compiler-10.0.0.jar;C:\Users\123ab\.m2\repository\junit\junit\4.13.2\junit-4.13.2.jar;C:\Users\123ab\.m2\repository\org\hamcrest\hamcrest-core\1.3\hamcrest-core-1.3.jar;C:\Users\123ab\.m2\repository\org\slf4j\slf4j-api\2.0.17\slf4j-api-2.0.17.jar;C:\Users\123ab\.m2\repository\ch\qos\logback\logback-classic\1.5.17\logback-classic-1.5.17.jar;C:\Users\123ab\.m2\repository\ch\qos\logback\logback-core\1.5.17\logback-core-1.5.17.jar;C:\Users\123ab\.m2\repository\org\drools\drools-wiring-dynamic\10.0.0\drools-wiring-dynamic-10.0.0.jar;C:\Users\123ab\.m2\repository\org\drools\drools-wiring-api\10.0.0\drools-wiring-api-10.0.0.jar;C:\Users\123ab\.m2\repository\org\kie\kie-memory-compiler\10.0.0\kie-memory-compiler-10.0.0.jar;C:\Users\123ab\.m2\repository\org\drools\drools-util\10.0.0\drools-util-10.0.0.jar;C:\Users\123ab\.m2\repository\org\kie\kie-api\10.0.0\kie-api-10.0.0.jar;C:\Users\123ab\.m2\repository\org\kie\kie-internal\10.0.0\kie-internal-10.0.0.jar;"/>
    <property name="java.vm.vendor" value="Oracle Corporation"/>
    <property name="sun.arch.data.model" value="64"/>
    <property name="user.variant" value=""/>
    <property name="java.vendor.url" value="https://java.oracle.com/"/>
    <property name="user.timezone" value="Europe/Madrid"/>
    <property name="os.name" value="Windows 11"/>
    <property name="java.vm.specification.version" value="23"/>
    <property name="sun.java.launcher" value="SUN_STANDARD"/>
    <property name="user.country" value="ES"/>
    <property name="sun.boot.library.path" value="C:\Users\123ab\.jdks\openjdk-23\bin"/>
    <property name="sun.java.command" value="C:\Users\123ab\AppData\Local\Temp\surefire15810068648046622242\surefirebooter-20250516114518364_3.jar C:\Users\123ab\AppData\Local\Temp\surefire15810068648046622242 2025-05-16T11-45-16_957-jvmRun1 surefire-20250516114518364_1tmp surefire_0-20250516114518364_2tmp"/>
    <property name="jdk.debug" value="release"/>
    <property name="surefire.test.class.path" value="C:\Users\123ab\OneDrive\Escritorio\Practica_Enum\template\target\test-classes;C:\Users\123ab\OneDrive\Escritorio\Practica_Enum\template\target\classes;C:\Users\123ab\.m2\repository\org\drools\drools-ruleunits-engine\10.0.0\drools-ruleunits-engine-10.0.0.jar;C:\Users\123ab\.m2\repository\org\drools\drools-ruleunits-dsl\10.0.0\drools-ruleunits-dsl-10.0.0.jar;C:\Users\123ab\.m2\repository\org\drools\drools-canonical-model\10.0.0\drools-canonical-model-10.0.0.jar;C:\Users\123ab\.m2\repository\org\drools\drools-model-compiler\10.0.0\drools-model-compiler-10.0.0.jar;C:\Users\123ab\.m2\repository\org\kie\kie-util-maven-support\10.0.0\kie-util-maven-support-10.0.0.jar;C:\Users\123ab\.m2\repository\org\drools\drools-core\10.0.0\drools-core-10.0.0.jar;C:\Users\123ab\.m2\repository\org\kie\kie-util-xml\10.0.0\kie-util-xml-10.0.0.jar;C:\Users\123ab\.m2\repository\org\drools\drools-base\10.0.0\drools-base-10.0.0.jar;C:\Users\123ab\.m2\repository\org\drools\drools-wiring-static\10.0.0\drools-wiring-static-10.0.0.jar;C:\Users\123ab\.m2\repository\org\drools\drools-io\10.0.0\drools-io-10.0.0.jar;C:\Users\123ab\.m2\repository\commons-codec\commons-codec\1.16.1\commons-codec-1.16.1.jar;C:\Users\123ab\.m2\repository\org\drools\drools-compiler\10.0.0\drools-compiler-10.0.0.jar;C:\Users\123ab\.m2\repository\org\drools\drools-drl-parser\10.0.0\drools-drl-parser-10.0.0.jar;C:\Users\123ab\.m2\repository\org\drools\drools-drl-extensions\10.0.0\drools-drl-extensions-10.0.0.jar;C:\Users\123ab\.m2\repository\org\drools\drools-drl-ast\10.0.0\drools-drl-ast-10.0.0.jar;C:\Users\123ab\.m2\repository\org\drools\drools-kiesession\10.0.0\drools-kiesession-10.0.0.jar;C:\Users\123ab\.m2\repository\org\drools\drools-ecj\10.0.0\drools-ecj-10.0.0.jar;C:\Users\123ab\.m2\repository\org\eclipse\jdt\ecj\3.33.0\ecj-3.33.0.jar;C:\Users\123ab\.m2\repository\org\antlr\antlr-runtime\3.5.2\antlr-runtime-3.5.2.jar;C:\Users\123ab\.m2\repository\org\drools\drools-ruleunits-impl\10.0.0\drools-ruleunits-impl-10.0.0.jar;C:\Users\123ab\.m2\repository\org\drools\drools-ruleunits-api\10.0.0\drools-ruleunits-api-10.0.0.jar;C:\Users\123ab\.m2\repository\org\drools\drools-model-codegen\10.0.0\drools-model-codegen-10.0.0.jar;C:\Users\123ab\.m2\repository\org\drools\drools-codegen-common\10.0.0\drools-codegen-common-10.0.0.jar;C:\Users\123ab\.m2\repository\org\drools\drools-model-prototype\10.0.0\drools-model-prototype-10.0.0.jar;C:\Users\123ab\.m2\repository\com\github\javaparser\javaparser-core\3.25.8\javaparser-core-3.25.8.jar;C:\Users\123ab\.m2\repository\org\drools\drools-mvel-parser\10.0.0\drools-mvel-parser-10.0.0.jar;C:\Users\123ab\.m2\repository\org\drools\drools-mvel-compiler\10.0.0\drools-mvel-compiler-10.0.0.jar;C:\Users\123ab\.m2\repository\junit\junit\4.13.2\junit-4.13.2.jar;C:\Users\123ab\.m2\repository\org\hamcrest\hamcrest-core\1.3\hamcrest-core-1.3.jar;C:\Users\123ab\.m2\repository\org\slf4j\slf4j-api\2.0.17\slf4j-api-2.0.17.jar;C:\Users\123ab\.m2\repository\ch\qos\logback\logback-classic\1.5.17\logback-classic-1.5.17.jar;C:\Users\123ab\.m2\repository\ch\qos\logback\logback-core\1.5.17\logback-core-1.5.17.jar;C:\Users\123ab\.m2\repository\org\drools\drools-wiring-dynamic\10.0.0\drools-wiring-dynamic-10.0.0.jar;C:\Users\123ab\.m2\repository\org\drools\drools-wiring-api\10.0.0\drools-wiring-api-10.0.0.jar;C:\Users\123ab\.m2\repository\org\kie\kie-memory-compiler\10.0.0\kie-memory-compiler-10.0.0.jar;C:\Users\123ab\.m2\repository\org\drools\drools-util\10.0.0\drools-util-10.0.0.jar;C:\Users\123ab\.m2\repository\org\kie\kie-api\10.0.0\kie-api-10.0.0.jar;C:\Users\123ab\.m2\repository\org\kie\kie-internal\10.0.0\kie-internal-10.0.0.jar;"/>
    <property name="sun.cpu.endian" value="little"/>
    <property name="user.home" value="C:\Users\123ab"/>
    <property name="user.language" value="es"/>
    <property name="java.specification.vendor" value="Oracle Corporation"/>
    <property name="java.version.date" value="2024-09-17"/>
    <property name="java.home" value="C:\Users\123ab\.jdks\openjdk-23"/>
    <property name="file.separator" value="\"/>
    <property name="basedir" value="C:\Users\123ab\OneDrive\Escritorio\Practica_Enum\template"/>
    <property name="java.vm.compressedOopsMode" value="Zero based"/>
    <property name="line.separator" value="&#10;"/>
    <property name="java.vm.specification.vendor" value="Oracle Corporation"/>
    <property name="java.specification.name" value="Java Platform API Specification"/>
    <property name="surefire.real.class.path" value="C:\Users\123ab\AppData\Local\Temp\surefire15810068648046622242\surefirebooter-20250516114518364_3.jar"/>
    <property name="user.script" value=""/>
    <property name="sun.management.compiler" value="HotSpot 64-Bit Tiered Compilers"/>
    <property name="java.runtime.version" value="23+37-2369"/>
    <property name="user.name" value="123ab"/>
    <property name="stdout.encoding" value="Cp1252"/>
    <property name="path.separator" value=";"/>
    <property name="os.version" value="10.0"/>
    <property name="java.runtime.name" value="OpenJDK Runtime Environment"/>
    <property name="file.encoding" value="UTF-8"/>
    <property name="java.vm.name" value="OpenJDK 64-Bit Server VM"/>
    <property name="localRepository" value="C:\Users\123ab\.m2\repository"/>
    <property name="java.vendor.url.bug" value="https://bugreport.java.com/bugreport/"/>
    <property name="java.io.tmpdir" value="C:\Users\123ab\AppData\Local\Temp\"/>
    <property name="idea.version" value="2024.2.2"/>
    <property name="java.version" value="23"/>
    <property name="user.dir" value="C:\Users\123ab\OneDrive\Escritorio\Practica_Enum\template"/>
    <property name="os.arch" value="amd64"/>
    <property name="java.vm.specification.name" value="Java Virtual Machine Specification"/>
    <property name="sun.os.patch.level" value=""/>
    <property name="native.encoding" value="Cp1252"/>
    <property name="java.library.path" value="C:\Users\123ab\.jdks\openjdk-23\bin;C:\WINDOWS\Sun\Java\bin;C:\WINDOWS\system32;C:\WINDOWS;C:\Program Files (x86)\Common Files\Oracle\Java\java8path;C:\Program Files (x86)\Common Files\Oracle\Java\javapath;C:\ProgramData\Oracle\Java\javapath;C:\WINDOWS\system32;C:\WINDOWS;C:\WINDOWS\System32\Wbem;C:\WINDOWS\System32\WindowsPowerShell\v1.0\;C:\WINDOWS\System32\OpenSSH\;C:\Program Files\dotnet\;C:\Program Files (x86)\IVI Foundation\VISA\WinNT\Bin\;C:\Program Files\IVI Foundation\VISA\Win64\Bin\;C:\Program Files (x86)\IVI Foundation\IVI\Bin\;C:\Program Files\IVI Foundation\IVI\Bin\;C:\Program Files (x86)\IVI Foundation\VISA\WinNT\Bin;C:\Program Files (x86)\PuTTY\;C:\Program Files\MATLAB\R2023b\bin;C:\Program Files (x86)\Windows Kits\10\Windows Performance Toolkit\;C:\Program Files\Git\cmd;C:\Program Files\NVIDIA Corporation\NVIDIA app\NvDLISR;C:\Program Files (x86)\NVIDIA Corporation\PhysX\Common;C:\Users\123ab\AppData\Local\Microsoft\WindowsApps;C:\Users\123ab\AppData\Local\Programs\Microsoft VS Code\bin;C:\Users\123ab\AppData\Local\GitHubDesktop\bin;;."/>
    <property name="java.vm.info" value="mixed mode, sharing"/>
    <property name="stderr.encoding" value="Cp1252"/>
    <property name="java.vendor" value="Oracle Corporation"/>
    <property name="java.vm.version" value="23+37-2369"/>
    <property name="sun.io.unicode.encoding" value="UnicodeLittle"/>
    <property name="java.class.version" value="67.0"/>
  </properties>
  <testcase name="shouldDetectDoublyChargedAdduct" classname="lipid.AdductDetectionTest" time="0.035">
    <system-out><![CDATA[700.5
0.0
Peak1: Peak(mz=700,5000, intensity=100000,00)
Pico referencia: 699.492724 Aducto: [M+H]+ MZ: 700.5
Pico 2: 699.4934480000001 Aducto: [M+2H]2+ MZ: 350.754
PPINCREMENT: 1
]]></system-out>
  </testcase>
  <testcase name="shouldDetectAdductBasedOnMzDifference" classname="lipid.AdductDetectionTest" time="0.001">
    <system-out><![CDATA[722.482
21.982009999999946
700.5
9.999999974752427E-6
Peak1: Peak(mz=700,5000, intensity=100000,00)
Pico referencia: 699.492714 Aducto: [M+H]+ MZ: 700.49999
Pico 2: 1442.9494479999998 Aducto: [M+2H]2+ MZ: 722.482
PPINCREMENT: 515234
Pico referencia: 699.492714 Aducto: [M+H]+ MZ: 700.49999
Pico 2: 699.4927819999999 Aducto: [M+Na]+ MZ: 722.482
PPINCREMENT: 0
]]></system-out>
  </testcase>
  <testcase name="shouldDetectLossOfWaterAdduct" classname="lipid.AdductDetectionTest" time="0.002">
    <system-out><![CDATA[700.5
0.0
Peak1: Peak(mz=700,5000, intensity=90000,00)
Pico referencia: 699.492724 Aducto: [M+H]+ MZ: 700.5
Pico 2: 1362.964248 Aducto: [M+2H]2+ MZ: 682.4894
PPINCREMENT: 486786
Pico referencia: 699.492724 Aducto: [M+H]+ MZ: 700.5
Pico 2: 659.500182 Aducto: [M+Na]+ MZ: 682.4894
PPINCREMENT: 60641
Pico referencia: 699.492724 Aducto: [M+H]+ MZ: 700.5
Pico 2: 643.526242 Aducto: [M+K]+ MZ: 682.4894
PPINCREMENT: 86968
Pico referencia: 699.492724 Aducto: [M+H]+ MZ: 700.5
Pico 2: 664.4555770000001 Aducto: [M+NH4]+ MZ: 682.4894
PPINCREMENT: 52731
Pico referencia: 699.492724 Aducto: [M+H]+ MZ: 700.5
Pico 2: 699.4926 Aducto: [M+H-H2O]+ MZ: 682.4894
PPINCREMENT: 0
]]></system-out>
  </testcase>
</testsuite>